{
  "stats": {
    "suites": 1,
    "tests": 2,
    "passes": 2,
    "pending": 0,
    "failures": 0,
    "start": "2025-05-06T05:12:54.982Z",
    "end": "2025-05-06T05:13:02.378Z",
    "duration": 7396,
    "testsRegistered": 2,
    "passPercent": 100,
    "pendingPercent": 0,
    "other": 0,
    "hasOther": false,
    "skipped": 0,
    "hasSkipped": false
  },
  "results": [
    {
      "uuid": "327acb14-fc19-4b3e-9010-e8e9b8f38bcf",
      "title": "",
      "fullFile": "cypress/e2e/test.cy.js",
      "file": "cypress/e2e/test.cy.js",
      "beforeHooks": [],
      "afterHooks": [],
      "tests": [],
      "suites": [
        {
          "uuid": "7a8759df-3fd5-4d31-b058-4e7631bd8908",
          "title": "Example of checking for the presence of buttons",
          "fullFile": "",
          "file": "",
          "beforeHooks": [],
          "afterHooks": [],
          "tests": [
            {
              "title": "Finds all header buttons",
              "fullTitle": "Example of checking for the presence of buttons Finds all header buttons",
              "timedOut": null,
              "duration": 2131,
              "state": "passed",
              "speed": "fast",
              "pass": true,
              "fail": false,
              "pending": false,
              "context": null,
              "code": "cy.get('.hero-descriptor_btn').should('contain', 'Sign up');",
              "err": {},
              "uuid": "2823e28a-72dc-43ce-9999-f150faa5d900",
              "parentUUID": "7a8759df-3fd5-4d31-b058-4e7631bd8908",
              "isHook": false,
              "skipped": false
            },
            {
              "title": "Finds all footer links and icons",
              "fullTitle": "Example of checking for the presence of buttons Finds all footer links and icons",
              "timedOut": null,
              "duration": 2334,
              "state": "passed",
              "speed": "fast",
              "pass": true,
              "fail": false,
              "pending": false,
              "context": null,
              "code": "cy.get(' [href=\"https://www.facebook.com/Hillel.IT.School\"]').should('exist');\ncy.get('[href=\"https://t.me/ithillel_kyiv\"] ').should('exist');\ncy.get('[href=\"https://www.youtube.com/user/HillelITSchool?sub_confirmation=1\"]').should('exist');\ncy.get('[href=\"https://www.instagram.com/hillel_itschool/\"]').should('exist');\ncy.get('[href=\"https://www.linkedin.com/school/ithillel/\"]').should('exist');\n// email та сайт\ncy.contains('ithillel.ua').should('exist');\ncy.get('.h4').should('exist');",
              "err": {},
              "uuid": "95a4ce00-abaa-4b40-8663-b9e24a4c1963",
              "parentUUID": "7a8759df-3fd5-4d31-b058-4e7631bd8908",
              "isHook": false,
              "skipped": false
            }
          ],
          "suites": [],
          "passes": [
            "2823e28a-72dc-43ce-9999-f150faa5d900",
            "95a4ce00-abaa-4b40-8663-b9e24a4c1963"
          ],
          "failures": [],
          "pending": [],
          "skipped": [],
          "duration": 4465,
          "root": false,
          "rootEmpty": false,
          "_timeout": 2000
        }
      ],
      "passes": [],
      "failures": [],
      "pending": [],
      "skipped": [],
      "duration": 0,
      "root": true,
      "rootEmpty": true,
      "_timeout": 2000
    }
  ],
  "meta": {
    "mocha": {
      "version": "7.0.1"
    },
    "mochawesome": {
      "options": {
        "quiet": false,
        "reportFilename": "mochawesome",
        "saveHtml": true,
        "saveJson": true,
        "consoleReporter": "spec",
        "useInlineDiffs": false,
        "code": true
      },
      "version": "7.1.3"
    },
    "marge": {
      "options": null,
      "version": "6.2.0"
    }
  }
}